java.lang.RuntimeException: org.springframework.beans.factory.BeanCreationException: Error creating bean with name 'alg1': Injection of autowired dependencies failed; nested exception is org.springframework.beans.factory.BeanCreationException: Could not autowire method: public void org.dllearner.core.AbstractCELA.setLearningProblem(org.dllearner.core.LearningProblem); nested exception is org.springframework.beans.factory.BeanCreationException: Error creating bean with name 'lp': Error setting property values; nested exception is org.springframework.beans.NotWritablePropertyException: Invalid property 'positiveExamples' of bean class [org.dllearner.learningproblems.ClassLearningProblem]: Bean property 'positiveExamples' is not writable or has an invalid setter method. Does the parameter type of the setter match the return type of the getter?
	at org.dllearner.configuration.spring.DefaultApplicationContextBuilder.buildApplicationContext(DefaultApplicationContextBuilder.java:63)
	at org.dllearner.cli.CLI.main(CLI.java:178)
Caused by: org.springframework.beans.factory.BeanCreationException: Error creating bean with name 'alg1': Injection of autowired dependencies failed; nested exception is org.springframework.beans.factory.BeanCreationException: Could not autowire method: public void org.dllearner.core.AbstractCELA.setLearningProblem(org.dllearner.core.LearningProblem); nested exception is org.springframework.beans.factory.BeanCreationException: Error creating bean with name 'lp': Error setting property values; nested exception is org.springframework.beans.NotWritablePropertyException: Invalid property 'positiveExamples' of bean class [org.dllearner.learningproblems.ClassLearningProblem]: Bean property 'positiveExamples' is not writable or has an invalid setter method. Does the parameter type of the setter match the return type of the getter?
	at org.springframework.beans.factory.annotation.AutowiredAnnotationBeanPostProcessor.postProcessPropertyValues(AutowiredAnnotationBeanPostProcessor.java:287)
	at org.springframework.beans.factory.support.AbstractAutowireCapableBeanFactory.populateBean(AbstractAutowireCapableBeanFactory.java:1106)
	at org.springframework.beans.factory.support.AbstractAutowireCapableBeanFactory.doCreateBean(AbstractAutowireCapableBeanFactory.java:517)
	at org.springframework.beans.factory.support.AbstractAutowireCapableBeanFactory.createBean(AbstractAutowireCapableBeanFactory.java:456)
	at org.springframework.beans.factory.support.AbstractBeanFactory$1.getObject(AbstractBeanFactory.java:294)
	at org.springframework.beans.factory.support.DefaultSingletonBeanRegistry.getSingleton(DefaultSingletonBeanRegistry.java:225)
	at org.springframework.beans.factory.support.AbstractBeanFactory.doGetBean(AbstractBeanFactory.java:291)
	at org.springframework.beans.factory.support.AbstractBeanFactory.getBean(AbstractBeanFactory.java:193)
	at org.springframework.beans.factory.support.DefaultListableBeanFactory.preInstantiateSingletons(DefaultListableBeanFactory.java:585)
	at org.springframework.context.support.AbstractApplicationContext.finishBeanFactoryInitialization(AbstractApplicationContext.java:913)
	at org.springframework.context.support.AbstractApplicationContext.refresh(AbstractApplicationContext.java:464)
	at org.dllearner.configuration.spring.DefaultApplicationContextBuilder.buildApplicationContext(DefaultApplicationContextBuilder.java:60)
	... 1 more
Caused by: org.springframework.beans.factory.BeanCreationException: Could not autowire method: public void org.dllearner.core.AbstractCELA.setLearningProblem(org.dllearner.core.LearningProblem); nested exception is org.springframework.beans.factory.BeanCreationException: Error creating bean with name 'lp': Error setting property values; nested exception is org.springframework.beans.NotWritablePropertyException: Invalid property 'positiveExamples' of bean class [org.dllearner.learningproblems.ClassLearningProblem]: Bean property 'positiveExamples' is not writable or has an invalid setter method. Does the parameter type of the setter match the return type of the getter?
	at org.springframework.beans.factory.annotation.AutowiredAnnotationBeanPostProcessor$AutowiredMethodElement.inject(AutowiredAnnotationBeanPostProcessor.java:593)
	at org.springframework.beans.factory.annotation.InjectionMetadata.inject(InjectionMetadata.java:87)
	at org.springframework.beans.factory.annotation.AutowiredAnnotationBeanPostProcessor.postProcessPropertyValues(AutowiredAnnotationBeanPostProcessor.java:284)
	... 12 more
Caused by: org.springframework.beans.factory.BeanCreationException: Error creating bean with name 'lp': Error setting property values; nested exception is org.springframework.beans.NotWritablePropertyException: Invalid property 'positiveExamples' of bean class [org.dllearner.learningproblems.ClassLearningProblem]: Bean property 'positiveExamples' is not writable or has an invalid setter method. Does the parameter type of the setter match the return type of the getter?
	at org.springframework.beans.factory.support.AbstractAutowireCapableBeanFactory.applyPropertyValues(AbstractAutowireCapableBeanFactory.java:1396)
	at org.springframework.beans.factory.support.AbstractAutowireCapableBeanFactory.populateBean(AbstractAutowireCapableBeanFactory.java:1118)
	at org.springframework.beans.factory.support.AbstractAutowireCapableBeanFactory.doCreateBean(AbstractAutowireCapableBeanFactory.java:517)
	at org.springframework.beans.factory.support.AbstractAutowireCapableBeanFactory.createBean(AbstractAutowireCapableBeanFactory.java:456)
	at org.springframework.beans.factory.support.AbstractBeanFactory$1.getObject(AbstractBeanFactory.java:294)
	at org.springframework.beans.factory.support.DefaultSingletonBeanRegistry.getSingleton(DefaultSingletonBeanRegistry.java:225)
	at org.springframework.beans.factory.support.AbstractBeanFactory.doGetBean(AbstractBeanFactory.java:291)
	at org.springframework.beans.factory.support.AbstractBeanFactory.getBean(AbstractBeanFactory.java:193)
	at org.springframework.beans.factory.support.DefaultListableBeanFactory.findAutowireCandidates(DefaultListableBeanFactory.java:848)
	at org.springframework.beans.factory.support.DefaultListableBeanFactory.doResolveDependency(DefaultListableBeanFactory.java:790)
	at org.springframework.beans.factory.support.DefaultListableBeanFactory.resolveDependency(DefaultListableBeanFactory.java:707)
	at org.springframework.beans.factory.annotation.AutowiredAnnotationBeanPostProcessor$AutowiredMethodElement.inject(AutowiredAnnotationBeanPostProcessor.java:551)
	... 14 more
Caused by: org.springframework.beans.NotWritablePropertyException: Invalid property 'positiveExamples' of bean class [org.dllearner.learningproblems.ClassLearningProblem]: Bean property 'positiveExamples' is not writable or has an invalid setter method. Does the parameter type of the setter match the return type of the getter?
	at org.springframework.beans.BeanWrapperImpl.setPropertyValue(BeanWrapperImpl.java:1064)
	at org.springframework.beans.BeanWrapperImpl.setPropertyValue(BeanWrapperImpl.java:924)
	at org.springframework.beans.AbstractPropertyAccessor.setPropertyValues(AbstractPropertyAccessor.java:76)
	at org.springframework.beans.AbstractPropertyAccessor.setPropertyValues(AbstractPropertyAccessor.java:58)
	at org.springframework.beans.factory.support.AbstractAutowireCapableBeanFactory.applyPropertyValues(AbstractAutowireCapableBeanFactory.java:1393)
	... 25 more
